<?xml version="1.0" encoding="UTF-8"?>
<!-- Generated by org.testng.reporters.JUnitReportReporter -->
<testsuite skipped="0" hostname="zentere-Latitude-E6420" name="com.hs.gofmpro.testcase.TestLogin" tests="1" failures="0" timestamp="25 Apr 2019 16:37:08 GMT" time="20.111" errors="0">
  <testcase name="loginTest" time="20.111" classname="com.hs.gofmpro.testcase.TestLogin"/>
</testsuite> <!-- com.hs.gofmpro.testcase.TestLogin -->
