<?xml version="1.0" encoding="UTF-8"?>
<!-- Generated by org.testng.reporters.JUnitReportReporter -->
<testsuite hostname="zentere-Latitude-E6420" name="com.hs.gofmpro.testcase.TestLogin" tests="1" failures="0" timestamp="25 Apr 2019 06:44:56 GMT" time="13.699" errors="0">
  <testcase name="loginTest" time="13.699" classname="com.hs.gofmpro.testcase.TestLogin"/>
</testsuite> <!-- com.hs.gofmpro.testcase.TestLogin -->
