<?xml version="1.0" encoding="UTF-8"?>
<!-- Generated by org.testng.reporters.JUnitReportReporter -->
<testsuite hostname="zentere-Latitude-E6420" name="Com.LoginTest.LoginTest" tests="2" failures="0" timestamp="10 Apr 2019 09:29:43 GMT" time="41.395" errors="0">
  <testcase name="loginPageTitleTest" time="10.133" classname="Com.LoginTest.LoginTest"/>
  <testcase name="loginTest" time="31.262" classname="Com.LoginTest.LoginTest"/>
</testsuite> <!-- Com.LoginTest.LoginTest -->
