<?xml version="1.0" encoding="UTF-8"?>
<!-- Generated by org.testng.reporters.JUnitReportReporter -->
<testsuite skipped="1" hostname="zentere-Latitude-E6420" name="com.hs.gofmpro.testcase.TestCreateSpaceCategory" tests="1" failures="0" timestamp="26 Apr 2019 05:23:00 GMT" time="0.000" errors="0">
  <testcase name="loginTest" time="0.000" classname="com.hs.gofmpro.testcase.TestCreateSpaceCategory">
    <skipped/>
  </testcase> <!-- loginTest -->
</testsuite> <!-- com.hs.gofmpro.testcase.TestCreateSpaceCategory -->
