<?xml version="1.0" encoding="UTF-8"?>
<!-- Generated by org.testng.reporters.JUnitReportReporter -->
<testsuite skipped="0" hostname="zentere-Latitude-E6420" name="com.hs.gofmpro.testcase.TestCreateEquipmentCategory" tests="4" failures="0" timestamp="28 Apr 2019 13:45:10 GMT" time="833.646" errors="0">
  <testcase name="loginTest" time="207.105" classname="com.hs.gofmpro.testcase.TestCreateEquipmentCategory"/>
  <testcase name="loginTest" time="207.921" classname="com.hs.gofmpro.testcase.TestCreateEquipmentCategory"/>
  <testcase name="loginTest" time="209.696" classname="com.hs.gofmpro.testcase.TestCreateEquipmentCategory"/>
  <testcase name="loginTest" time="208.924" classname="com.hs.gofmpro.testcase.TestCreateEquipmentCategory"/>
</testsuite> <!-- com.hs.gofmpro.testcase.TestCreateEquipmentCategory -->
