<?xml version="1.0" encoding="UTF-8"?>
<!-- Generated by org.testng.reporters.JUnitReportReporter -->
<testsuite hostname="zentere-Latitude-E6420" name="gofmpro.GOFT27Test" tests="1" failures="0" timestamp="18 Apr 2019 14:12:17 GMT" time="123.973" errors="0">
  <testcase name="loginTest" time="123.973" classname="gofmpro.GOFT27Test"/>
</testsuite> <!-- gofmpro.GOFT27Test -->
