<?xml version="1.0" encoding="UTF-8"?>
<!-- Generated by org.testng.reporters.JUnitReportReporter -->
<testsuite skipped="0" hostname="zentere-Latitude-E6420" name="com.hs.gofmpro.testcase.TestCreateUser" tests="1" failures="0" timestamp="28 Apr 2019 04:29:39 GMT" time="87.436" errors="0">
  <testcase name="loginTest" time="87.436" classname="com.hs.gofmpro.testcase.TestCreateUser"/>
</testsuite> <!-- com.hs.gofmpro.testcase.TestCreateUser -->
