<?xml version="1.0" encoding="UTF-8"?>
<!-- Generated by org.testng.reporters.JUnitReportReporter -->
<testsuite hostname="zentere-Latitude-E6420" name="gofmpro.LoginPageTest" tests="1" failures="0" timestamp="11 Apr 2019 12:38:59 GMT" time="13.790" errors="0">
  <testcase name="loginTest" time="13.790" classname="gofmpro.LoginPageTest"/>
</testsuite> <!-- gofmpro.LoginPageTest -->
