<?xml version="1.0" encoding="UTF-8"?>
<!-- Generated by org.testng.reporters.JUnitReportReporter -->
<testsuite skipped="1" hostname="zentere-Latitude-E6420" name="com.hs.gofmpro.testcase.TestCreateEquipmentCategory" tests="1" failures="0" timestamp="24 Apr 2019 06:25:11 GMT" time="0.000" errors="0">
  <testcase name="loginTest" time="0.000" classname="com.hs.gofmpro.testcase.TestCreateEquipmentCategory">
    <skipped/>
  </testcase> <!-- loginTest -->
</testsuite> <!-- com.hs.gofmpro.testcase.TestCreateEquipmentCategory -->
