<?xml version="1.0" encoding="UTF-8"?>
<!-- Generated by org.testng.reporters.JUnitReportReporter -->
<testsuite skipped="1" hostname="zentere-Latitude-E6420" name="com.hs.gofmpro.testcase.TestCreateSpaceCategory" tests="2" failures="0" timestamp="25 Apr 2019 01:25:46 GMT" time="44.266" errors="0">
  <testcase name="loginTest" time="44.266" classname="com.hs.gofmpro.testcase.TestCreateSpaceCategory"/>
  <testcase name="CreateSpace" time="0.000" classname="com.hs.gofmpro.testcase.TestCreateSpaceCategory">
    <skipped/>
  </testcase> <!-- CreateSpace -->
</testsuite> <!-- com.hs.gofmpro.testcase.TestCreateSpaceCategory -->
