<?xml version="1.0" encoding="UTF-8"?>
<!-- Generated by org.testng.reporters.JUnitReportReporter -->
<testsuite skipped="3" hostname="zentere-Latitude-E6420" name="com.hs.gofmpro.testcase.TestCreateSpaceCategory" tests="4" failures="0" timestamp="28 Apr 2019 03:21:23 GMT" time="17.145" errors="0">
  <testcase name="loginTest" time="17.145" classname="com.hs.gofmpro.testcase.TestCreateSpaceCategory"/>
  <testcase name="CreateSpace" time="0.000" classname="com.hs.gofmpro.testcase.TestCreateSpaceCategory">
    <skipped/>
  </testcase> <!-- CreateSpace -->
  <testcase name="CreateCompany" classname="com.hs.gofmpro.testcase.TestCreateSpaceCategory">
    <skipped/>
  </testcase> <!-- CreateCompany -->
  <testcase name="CreateUsers" classname="com.hs.gofmpro.testcase.TestCreateSpaceCategory">
    <skipped/>
  </testcase> <!-- CreateUsers -->
</testsuite> <!-- com.hs.gofmpro.testcase.TestCreateSpaceCategory -->
