<?xml version="1.0" encoding="UTF-8"?>
<!-- Generated by org.testng.reporters.JUnitReportReporter -->
<testsuite skipped="0" hostname="zentere-Latitude-E6420" name="com.hs.gofmpro.testcase.TestLogin" tests="1" failures="0" timestamp="24 Apr 2019 07:06:04 GMT" time="13.569" errors="0">
  <testcase name="loginTest" time="13.569" classname="com.hs.gofmpro.testcase.TestLogin"/>
</testsuite> <!-- com.hs.gofmpro.testcase.TestLogin -->
