<?xml version="1.0" encoding="UTF-8"?>
<!-- Generated by org.testng.reporters.JUnitReportReporter -->
<testsuite hostname="zentere-Latitude-E6420" name="gofmpro.GOFT3Test" tests="1" failures="0" timestamp="18 Apr 2019 14:06:06 GMT" time="21.442" errors="0">
  <testcase name="loginTest" time="21.442" classname="gofmpro.GOFT3Test"/>
</testsuite> <!-- gofmpro.GOFT3Test -->
