<?xml version="1.0" encoding="UTF-8"?>
<!-- Generated by org.testng.reporters.JUnitReportReporter -->
<testsuite hostname="zentere-Latitude-E6420" name="com.hs.gofmpro.testcase.TestCreateSpaceCategory" tests="1" failures="0" timestamp="22 Apr 2019 07:44:44 GMT" time="115.582" errors="0">
  <testcase name="loginTest" time="115.582" classname="com.hs.gofmpro.testcase.TestCreateSpaceCategory"/>
</testsuite> <!-- com.hs.gofmpro.testcase.TestCreateSpaceCategory -->
